2021-09-10 09:43:48,613 INFO org.springframework.boot.SpringApplication [main] No active profile set, falling back to default profiles: default
2021-09-10 09:43:50,295 INFO org.springframework.data.repository.config.RepositoryConfigurationDelegate [main] Bootstrapping Spring Data JPA repositories in DEFERRED mode.
2021-09-10 09:43:50,546 INFO org.springframework.data.repository.config.RepositoryConfigurationDelegate [main] Finished Spring Data repository scanning in 226ms. Found 5 JPA repository interfaces.
2021-09-10 09:43:50,994 INFO org.springframework.cloud.context.scope.GenericScope [main] BeanFactory id=f8d45f7c-d7a8-3d17-a159-b6c2982cbc9f
2021-09-10 09:43:51,103 INFO org.springframework.context.support.PostProcessorRegistrationDelegate$BeanPostProcessorChecker [main] Bean 'com.beis.subsidy.award.transperancy.dbpublishingservice.controller.feign.GraphAPIFeignClient' of type [org.springframework.cloud.openfeign.FeignClientFactoryBean] is not eligible for getting processed by all BeanPostProcessors (for example: not eligible for auto-proxying)
2021-09-10 09:43:51,105 INFO org.springframework.context.support.PostProcessorRegistrationDelegate$BeanPostProcessorChecker [main] Bean 'com.beis.subsidy.award.transperancy.dbpublishingservice.controller.feign.GraphAPILoginFeignClient' of type [org.springframework.cloud.openfeign.FeignClientFactoryBean] is not eligible for getting processed by all BeanPostProcessors (for example: not eligible for auto-proxying)
2021-09-10 09:43:52,776 INFO org.springframework.boot.web.embedded.tomcat.TomcatWebServer [main] Tomcat initialized with port(s): 8178 (http)
2021-09-10 09:43:52,797 INFO org.apache.juli.logging.DirectJDKLog [main] Initializing ProtocolHandler ["http-nio-8178"]
2021-09-10 09:43:52,806 INFO org.apache.juli.logging.DirectJDKLog [main] Starting service [Tomcat]
2021-09-10 09:43:52,806 INFO org.apache.juli.logging.DirectJDKLog [main] Starting Servlet engine: [Apache Tomcat/9.0.39]
2021-09-10 09:43:53,422 INFO org.apache.juli.logging.DirectJDKLog [main] Initializing Spring embedded WebApplicationContext
2021-09-10 09:43:53,424 INFO org.springframework.boot.web.servlet.context.ServletWebServerApplicationContext [main] Root WebApplicationContext: initialization completed in 4730 ms
2021-09-10 09:43:53,789 INFO org.springframework.scheduling.concurrent.ExecutorConfigurationSupport [main] Initializing ExecutorService 'applicationTaskExecutor'
2021-09-10 09:43:53,911 INFO org.hibernate.jpa.internal.util.LogHelper [task-1] HHH000204: Processing PersistenceUnitInfo [name: default]
2021-09-10 09:43:54,033 INFO org.hibernate.Version [task-1] HHH000412: Hibernate ORM core version 5.4.22.Final
2021-09-10 09:43:54,164 WARN org.springframework.boot.autoconfigure.orm.jpa.JpaBaseConfiguration$JpaWebConfiguration [main] spring.jpa.open-in-view is enabled by default. Therefore, database queries may be performed during view rendering. Explicitly configure spring.jpa.open-in-view to disable this warning
2021-09-10 09:43:54,212 INFO org.springframework.data.repository.config.DeferredRepositoryInitializationListener [main] Triggering deferred initialization of Spring Data repositories…
2021-09-10 09:43:54,457 INFO org.hibernate.annotations.common.reflection.java.JavaReflectionManager [task-1] HCANN000001: Hibernate Commons Annotations {5.1.0.Final}
2021-09-10 09:43:54,830 INFO com.zaxxer.hikari.HikariDataSource [task-1] HikariPool-1 - Starting...
2021-09-10 09:43:56,784 INFO com.zaxxer.hikari.HikariDataSource [task-1] HikariPool-1 - Start completed.
2021-09-10 09:43:56,815 INFO org.hibernate.dialect.Dialect [task-1] HHH000400: Using dialect: org.hibernate.dialect.PostgreSQL92Dialect
2021-09-10 09:44:00,115 INFO org.hibernate.engine.transaction.jta.platform.internal.JtaPlatformInitiator [task-1] HHH000490: Using JtaPlatform implementation: [org.hibernate.engine.transaction.jta.platform.internal.NoJtaPlatform]
2021-09-10 09:44:00,166 INFO org.springframework.orm.jpa.AbstractEntityManagerFactoryBean [task-1] Initialized JPA EntityManagerFactory for persistence unit 'default'
2021-09-10 09:44:01,267 INFO org.springframework.data.repository.config.DeferredRepositoryInitializationListener [main] Spring Data repositories initialized!
2021-09-10 09:44:01,518 INFO org.springframework.data.repository.config.DeferredRepositoryInitializationListener [main] Triggering deferred initialization of Spring Data repositories…
2021-09-10 09:44:01,520 INFO org.springframework.data.repository.config.DeferredRepositoryInitializationListener [main] Spring Data repositories initialized!
2021-09-10 09:44:01,632 WARN com.netflix.config.sources.URLConfigurationSource [main] No URLs will be polled as dynamic configuration sources.
2021-09-10 09:44:01,723 INFO com.netflix.config.sources.URLConfigurationSource [main] To enable URLs as dynamic configuration sources, define System property archaius.configurationSource.additionalUrls or make config.properties available on classpath.
2021-09-10 09:44:01,742 WARN com.netflix.config.sources.URLConfigurationSource [main] No URLs will be polled as dynamic configuration sources.
2021-09-10 09:44:01,995 INFO com.netflix.config.sources.URLConfigurationSource [main] To enable URLs as dynamic configuration sources, define System property archaius.configurationSource.additionalUrls or make config.properties available on classpath.
2021-09-10 09:44:05,848 INFO org.apache.juli.logging.DirectJDKLog [main] Starting ProtocolHandler ["http-nio-8178"]
2021-09-10 09:44:05,899 INFO org.springframework.boot.web.embedded.tomcat.TomcatWebServer [main] Tomcat started on port(s): 8178 (http) with context path ''
2021-09-10 09:44:06,961 INFO org.springframework.data.repository.config.DeferredRepositoryInitializationListener [main] Triggering deferred initialization of Spring Data repositories…
2021-09-10 09:44:06,972 INFO org.springframework.data.repository.config.DeferredRepositoryInitializationListener [main] Spring Data repositories initialized!
2021-09-10 09:44:06,990 INFO org.springframework.boot.StartupInfoLogger [main] Started PublishingSubsidiesServiceApplication in 22.34 seconds (JVM running for 24.458)
2021-09-10 09:48:20,759 INFO org.springframework.orm.jpa.AbstractEntityManagerFactoryBean [SpringContextShutdownHook] Closing JPA EntityManagerFactory for persistence unit 'default'
2021-09-10 09:48:20,767 INFO org.springframework.scheduling.concurrent.ExecutorConfigurationSupport [SpringContextShutdownHook] Shutting down ExecutorService 'applicationTaskExecutor'
2021-09-10 09:48:20,769 INFO com.zaxxer.hikari.HikariDataSource [SpringContextShutdownHook] HikariPool-1 - Shutdown initiated...
2021-09-10 09:48:20,799 INFO com.zaxxer.hikari.HikariDataSource [SpringContextShutdownHook] HikariPool-1 - Shutdown completed.
2021-09-10 10:28:50,182 INFO org.springframework.boot.SpringApplication [main] No active profile set, falling back to default profiles: default
2021-09-10 10:28:51,548 INFO org.springframework.data.repository.config.RepositoryConfigurationDelegate [main] Bootstrapping Spring Data JPA repositories in DEFERRED mode.
2021-09-10 10:28:51,793 INFO org.springframework.data.repository.config.RepositoryConfigurationDelegate [main] Finished Spring Data repository scanning in 224ms. Found 5 JPA repository interfaces.
2021-09-10 10:28:52,209 INFO org.springframework.cloud.context.scope.GenericScope [main] BeanFactory id=f8d45f7c-d7a8-3d17-a159-b6c2982cbc9f
2021-09-10 10:28:52,310 INFO org.springframework.context.support.PostProcessorRegistrationDelegate$BeanPostProcessorChecker [main] Bean 'com.beis.subsidy.award.transperancy.dbpublishingservice.controller.feign.GraphAPIFeignClient' of type [org.springframework.cloud.openfeign.FeignClientFactoryBean] is not eligible for getting processed by all BeanPostProcessors (for example: not eligible for auto-proxying)
2021-09-10 10:28:52,315 INFO org.springframework.context.support.PostProcessorRegistrationDelegate$BeanPostProcessorChecker [main] Bean 'com.beis.subsidy.award.transperancy.dbpublishingservice.controller.feign.GraphAPILoginFeignClient' of type [org.springframework.cloud.openfeign.FeignClientFactoryBean] is not eligible for getting processed by all BeanPostProcessors (for example: not eligible for auto-proxying)
2021-09-10 10:28:54,573 INFO org.springframework.boot.web.embedded.tomcat.TomcatWebServer [main] Tomcat initialized with port(s): 8178 (http)
2021-09-10 10:28:54,593 INFO org.apache.juli.logging.DirectJDKLog [main] Initializing ProtocolHandler ["http-nio-8178"]
2021-09-10 10:28:54,613 INFO org.apache.juli.logging.DirectJDKLog [main] Starting service [Tomcat]
2021-09-10 10:28:54,613 INFO org.apache.juli.logging.DirectJDKLog [main] Starting Servlet engine: [Apache Tomcat/9.0.39]
2021-09-10 10:28:55,584 INFO org.apache.juli.logging.DirectJDKLog [main] Initializing Spring embedded WebApplicationContext
2021-09-10 10:28:55,686 INFO org.springframework.boot.web.servlet.context.ServletWebServerApplicationContext [main] Root WebApplicationContext: initialization completed in 5457 ms
2021-09-10 10:28:56,081 INFO org.springframework.scheduling.concurrent.ExecutorConfigurationSupport [main] Initializing ExecutorService 'applicationTaskExecutor'
2021-09-10 10:28:56,182 INFO org.hibernate.jpa.internal.util.LogHelper [task-1] HHH000204: Processing PersistenceUnitInfo [name: default]
2021-09-10 10:28:56,301 INFO org.hibernate.Version [task-1] HHH000412: Hibernate ORM core version 5.4.22.Final
2021-09-10 10:28:56,435 WARN org.springframework.boot.autoconfigure.orm.jpa.JpaBaseConfiguration$JpaWebConfiguration [main] spring.jpa.open-in-view is enabled by default. Therefore, database queries may be performed during view rendering. Explicitly configure spring.jpa.open-in-view to disable this warning
2021-09-10 10:28:56,607 INFO org.springframework.data.repository.config.DeferredRepositoryInitializationListener [main] Triggering deferred initialization of Spring Data repositories…
2021-09-10 10:28:56,773 INFO org.hibernate.annotations.common.reflection.java.JavaReflectionManager [task-1] HCANN000001: Hibernate Commons Annotations {5.1.0.Final}
2021-09-10 10:28:57,291 INFO com.zaxxer.hikari.HikariDataSource [task-1] HikariPool-1 - Starting...
2021-09-10 10:28:59,349 INFO com.zaxxer.hikari.HikariDataSource [task-1] HikariPool-1 - Start completed.
2021-09-10 10:28:59,381 INFO org.hibernate.dialect.Dialect [task-1] HHH000400: Using dialect: org.hibernate.dialect.PostgreSQL92Dialect
2021-09-10 10:29:03,346 INFO org.hibernate.engine.transaction.jta.platform.internal.JtaPlatformInitiator [task-1] HHH000490: Using JtaPlatform implementation: [org.hibernate.engine.transaction.jta.platform.internal.NoJtaPlatform]
2021-09-10 10:29:03,374 INFO org.springframework.orm.jpa.AbstractEntityManagerFactoryBean [task-1] Initialized JPA EntityManagerFactory for persistence unit 'default'
2021-09-10 10:29:04,337 INFO org.springframework.data.repository.config.DeferredRepositoryInitializationListener [main] Spring Data repositories initialized!
2021-09-10 10:29:04,529 INFO org.springframework.data.repository.config.DeferredRepositoryInitializationListener [main] Triggering deferred initialization of Spring Data repositories…
2021-09-10 10:29:04,538 INFO org.springframework.data.repository.config.DeferredRepositoryInitializationListener [main] Spring Data repositories initialized!
2021-09-10 10:29:04,610 WARN com.netflix.config.sources.URLConfigurationSource [main] No URLs will be polled as dynamic configuration sources.
2021-09-10 10:29:04,618 INFO com.netflix.config.sources.URLConfigurationSource [main] To enable URLs as dynamic configuration sources, define System property archaius.configurationSource.additionalUrls or make config.properties available on classpath.
2021-09-10 10:29:04,631 WARN com.netflix.config.sources.URLConfigurationSource [main] No URLs will be polled as dynamic configuration sources.
2021-09-10 10:29:04,631 INFO com.netflix.config.sources.URLConfigurationSource [main] To enable URLs as dynamic configuration sources, define System property archaius.configurationSource.additionalUrls or make config.properties available on classpath.
2021-09-10 10:29:09,287 INFO org.apache.juli.logging.DirectJDKLog [main] Starting ProtocolHandler ["http-nio-8178"]
2021-09-10 10:29:09,348 INFO org.springframework.boot.web.embedded.tomcat.TomcatWebServer [main] Tomcat started on port(s): 8178 (http) with context path ''
2021-09-10 10:29:11,253 INFO org.springframework.data.repository.config.DeferredRepositoryInitializationListener [main] Triggering deferred initialization of Spring Data repositories…
2021-09-10 10:29:11,253 INFO org.springframework.data.repository.config.DeferredRepositoryInitializationListener [main] Spring Data repositories initialized!
2021-09-10 10:29:11,274 INFO org.springframework.boot.StartupInfoLogger [main] Started PublishingSubsidiesServiceApplication in 27.724 seconds (JVM running for 30.555)
2021-09-10 10:42:02,461 INFO org.apache.juli.logging.DirectJDKLog [http-nio-8178-exec-1] Initializing Spring DispatcherServlet 'dispatcherServlet'
2021-09-10 10:42:02,464 INFO org.springframework.web.servlet.FrameworkServlet [http-nio-8178-exec-1] Initializing Servlet 'dispatcherServlet'
2021-09-10 10:42:02,477 INFO org.springframework.web.servlet.FrameworkServlet [http-nio-8178-exec-1] Completed initialization in 11 ms
2021-09-10 10:42:02,612 INFO com.beis.subsidy.award.transperancy.dbpublishingservice.controller.AddAwardController [http-nio-8178-exec-1] BEIS_Publishing_Subsidies_API :: Before calling add Award
2021-09-10 10:42:03,569 INFO com.beis.subsidy.award.transperancy.dbpublishingservice.service.AddAwardService [http-nio-8178-exec-1] BEIS_Publishing_Subsidies_API :: Inside validateAward Award
2021-09-10 10:42:03,576 INFO com.beis.subsidy.award.transperancy.dbpublishingservice.service.AddAwardService [http-nio-8178-exec-1] BEIS_Publishing_Subsidies_API :: After Validation Result Error list - National ID  = 1
2021-09-10 10:42:03,578 INFO com.beis.subsidy.award.transperancy.dbpublishingservice.service.AddAwardService [http-nio-8178-exec-1] BEIS_Publishing_Subsidies_API ::Validation Result Error list - Either Subsidy Control number or Subsidy title should enter = []
2021-09-10 10:42:03,580 INFO com.beis.subsidy.award.transperancy.dbpublishingservice.service.AddAwardService [http-nio-8178-exec-1] Calling awardService.getAllSubsidyMeasures()... - start
2021-09-10 10:42:04,003 INFO com.beis.subsidy.award.transperancy.dbpublishingservice.service.AddAwardService [http-nio-8178-exec-1] Calling process Service proxy.getAllSubsidyMeasures()... - end
2021-09-10 10:42:04,005 INFO com.beis.subsidy.award.transperancy.dbpublishingservice.service.AddAwardService [http-nio-8178-exec-1] subsidyControlNumberTitleList - String list [SC10007]
2021-09-10 10:42:04,007 INFO com.beis.subsidy.award.transperancy.dbpublishingservice.service.AddAwardService [http-nio-8178-exec-1] Validation Result Error list - Subsidy Measure Number mismatch error size = 0 
2021-09-10 10:42:04,009 INFO com.beis.subsidy.award.transperancy.dbpublishingservice.service.AddAwardService [http-nio-8178-exec-1] Validation Result Error list - Subsidy Measure Title must be 255 characters or fewer = []
2021-09-10 10:42:04,011 INFO com.beis.subsidy.award.transperancy.dbpublishingservice.service.AddAwardService [http-nio-8178-exec-1] Validation Result Error list - Granting Authority missing error = []
2021-09-10 10:42:04,013 INFO com.beis.subsidy.award.transperancy.dbpublishingservice.service.AddAwardService [http-nio-8178-exec-1] BEIS_Publishing_Subsidies_API ::getAllGrantingAuthorities()... - start
2021-09-10 10:42:04,040 INFO com.beis.subsidy.award.transperancy.dbpublishingservice.service.AddAwardService [http-nio-8178-exec-1] BEIS_Publishing_Subsidies_API :: Validation Result Error list - Granting Authority Name error = 
2021-09-10 10:42:04,057 INFO com.beis.subsidy.award.transperancy.dbpublishingservice.service.AddAwardService [http-nio-8178-exec-1] BEIS_Publishing_Subsidies_API ::Validation Result Error list - Size of Organization should enter =[] 
2021-09-10 10:42:04,058 INFO com.beis.subsidy.award.transperancy.dbpublishingservice.service.AddAwardService [http-nio-8178-exec-1] Validation Result Error list - Goods or Service should enter = 0
2021-09-10 10:42:04,061 INFO com.beis.subsidy.award.transperancy.dbpublishingservice.service.AddAwardService [http-nio-8178-exec-1] Validation Result Error list - Legal Granting Date is Mandatory = []
2021-09-10 10:42:04,063 INFO com.beis.subsidy.award.transperancy.dbpublishingservice.service.AddAwardService [http-nio-8178-exec-1] Validation Result Error list - Subsidy Instrument [] size =
2021-09-10 10:42:04,065 INFO com.beis.subsidy.award.transperancy.dbpublishingservice.service.AddAwardService [http-nio-8178-exec-1] BEIS_Publishing_Subsidies_API :: Final validation errors list ...printing list of errors - start
2021-09-10 10:42:47,402 INFO com.beis.subsidy.award.transperancy.dbpublishingservice.controller.AddAwardController [http-nio-8178-exec-2] BEIS_Publishing_Subsidies_API :: Before calling add Award
2021-09-10 10:42:47,932 INFO com.beis.subsidy.award.transperancy.dbpublishingservice.service.AddAwardService [http-nio-8178-exec-2] BEIS_Publishing_Subsidies_API :: Inside validateAward Award
2021-09-10 10:42:47,940 INFO com.beis.subsidy.award.transperancy.dbpublishingservice.service.AddAwardService [http-nio-8178-exec-2] BEIS_Publishing_Subsidies_API :: After Validation Result Error list - National ID  = 0
2021-09-10 10:42:47,944 INFO com.beis.subsidy.award.transperancy.dbpublishingservice.service.AddAwardService [http-nio-8178-exec-2] BEIS_Publishing_Subsidies_API ::Validation Result Error list - Either Subsidy Control number or Subsidy title should enter = []
2021-09-10 10:42:47,946 INFO com.beis.subsidy.award.transperancy.dbpublishingservice.service.AddAwardService [http-nio-8178-exec-2] Calling awardService.getAllSubsidyMeasures()... - start
2021-09-10 10:42:47,954 INFO com.beis.subsidy.award.transperancy.dbpublishingservice.service.AddAwardService [http-nio-8178-exec-2] Calling process Service proxy.getAllSubsidyMeasures()... - end
2021-09-10 10:42:47,957 INFO com.beis.subsidy.award.transperancy.dbpublishingservice.service.AddAwardService [http-nio-8178-exec-2] subsidyControlNumberTitleList - String list [SC10007]
2021-09-10 10:42:47,959 INFO com.beis.subsidy.award.transperancy.dbpublishingservice.service.AddAwardService [http-nio-8178-exec-2] Validation Result Error list - Subsidy Measure Number mismatch error size = 0 
2021-09-10 10:42:47,962 INFO com.beis.subsidy.award.transperancy.dbpublishingservice.service.AddAwardService [http-nio-8178-exec-2] Validation Result Error list - Subsidy Measure Title must be 255 characters or fewer = []
2021-09-10 10:42:47,965 INFO com.beis.subsidy.award.transperancy.dbpublishingservice.service.AddAwardService [http-nio-8178-exec-2] Validation Result Error list - Granting Authority missing error = []
2021-09-10 10:42:47,966 INFO com.beis.subsidy.award.transperancy.dbpublishingservice.service.AddAwardService [http-nio-8178-exec-2] BEIS_Publishing_Subsidies_API ::getAllGrantingAuthorities()... - start
2021-09-10 10:42:47,971 INFO com.beis.subsidy.award.transperancy.dbpublishingservice.service.AddAwardService [http-nio-8178-exec-2] BEIS_Publishing_Subsidies_API :: Validation Result Error list - Granting Authority Name error = 
2021-09-10 10:42:47,978 INFO com.beis.subsidy.award.transperancy.dbpublishingservice.service.AddAwardService [http-nio-8178-exec-2] BEIS_Publishing_Subsidies_API ::Validation Result Error list - Size of Organization should enter =[] 
2021-09-10 10:42:47,980 INFO com.beis.subsidy.award.transperancy.dbpublishingservice.service.AddAwardService [http-nio-8178-exec-2] Validation Result Error list - Goods or Service should enter = 0
2021-09-10 10:42:47,983 INFO com.beis.subsidy.award.transperancy.dbpublishingservice.service.AddAwardService [http-nio-8178-exec-2] Validation Result Error list - Legal Granting Date is Mandatory = []
2021-09-10 10:42:47,985 INFO com.beis.subsidy.award.transperancy.dbpublishingservice.service.AddAwardService [http-nio-8178-exec-2] Validation Result Error list - Subsidy Instrument [] size =
2021-09-10 10:42:47,988 INFO com.beis.subsidy.award.transperancy.dbpublishingservice.service.AddAwardService [http-nio-8178-exec-2] BEIS_Publishing_Subsidies_API :: Final validation errors list ...printing list of errors - start
2021-09-10 10:42:47,990 INFO com.beis.subsidy.award.transperancy.dbpublishingservice.service.AddAwardService [http-nio-8178-exec-2] BEIS_Publishing_Subsidies_API::No validation error in bulk excel template
2021-09-10 10:42:47,994 INFO com.beis.subsidy.award.transperancy.dbpublishingservice.service.AwardService [http-nio-8178-exec-2] inside process Bulk Awards db
2021-09-10 10:42:48,080 INFO com.beis.subsidy.award.transperancy.dbpublishingservice.service.AwardService [http-nio-8178-exec-2] Inside getGrantingAuthority...
2021-09-10 10:42:48,101 INFO com.beis.subsidy.award.transperancy.dbpublishingservice.service.AwardService [http-nio-8178-exec-2] Returning from getGrantingAuthorityId.. = 688
2021-09-10 10:42:48,104 INFO com.beis.subsidy.award.transperancy.dbpublishingservice.service.AwardService [http-nio-8178-exec-2] Inside getSubsidyControlId...TEST SS
2021-09-10 10:42:48,131 INFO com.beis.subsidy.award.transperancy.dbpublishingservice.service.AwardService [http-nio-8178-exec-2] {} :: End process Bulk Awards db
2021-09-10 10:42:48,202 INFO com.beis.subsidy.award.transperancy.dbpublishingservice.service.AddAwardService [http-nio-8178-exec-2] BEIS_Publishing_Subsidies_API :: After calling process api - response = 
2021-09-10 10:42:48,206 INFO com.beis.subsidy.award.transperancy.dbpublishingservice.service.AddAwardService [http-nio-8178-exec-2] BEIS_Publishing_Subsidies_API::before calling to getUsersByGroupId  Graph Api
2021-09-10 10:42:48,665 INFO com.beis.subsidy.award.transperancy.dbpublishingservice.service.AddAwardService [http-nio-8178-exec-2] BEIS_Publishing_Subsidies_API::After calling to getUsersByGroupId  Graph Api
2021-09-10 10:42:48,688 INFO com.beis.subsidy.award.transperancy.dbpublishingservice.service.AddAwardService [http-nio-8178-exec-2] BEIS_Publishing_Subsidies_API::before calling toGraph Api in the mapGroupInfoToUser
2021-09-10 10:42:48,691 INFO com.beis.subsidy.award.transperancy.dbpublishingservice.service.AddAwardService [http-nio-8178-exec-2] BEIS_Publishing_Subsidies_API::Before calling to Graph Api getUserGroup and user id is 76e0623c-15b0-44ed-a405-5599b6a1dc21
2021-09-10 10:42:49,201 INFO com.beis.subsidy.award.transperancy.dbpublishingservice.service.AddAwardService [http-nio-8178-exec-2] BEIS_Publishing_Subsidies_API:: After the call Graph Api getUserGroup and  status is 200
2021-09-10 10:42:49,216 INFO com.beis.subsidy.award.transperancy.dbpublishingservice.service.AddAwardService [http-nio-8178-exec-2] BEIS_Publishing_Subsidies_API::in the mapGroupInfoToUser & userRolesResponse[com.beis.subsidy.award.transperancy.dbpublishingservice.controller.response.UserRoleResponse@77839e49] ::
2021-09-10 10:42:49,220 INFO com.beis.subsidy.award.transperancy.dbpublishingservice.service.AddAwardService [http-nio-8178-exec-2] BEIS_Publishing_Subsidies_API::in the mapGroupInfoToUser BEIS Administrators ::
2021-09-10 10:42:49,222 INFO com.beis.subsidy.award.transperancy.dbpublishingservice.service.AddAwardService [http-nio-8178-exec-2] BEIS_Publishing_Subsidies_API::Before calling to Graph Api getUserGroup and user id is 2f331d0f-9a8c-420e-8e19-707039ba8f0d
2021-09-10 10:42:49,566 INFO com.beis.subsidy.award.transperancy.dbpublishingservice.service.AddAwardService [http-nio-8178-exec-2] BEIS_Publishing_Subsidies_API:: After the call Graph Api getUserGroup and  status is 200
2021-09-10 10:42:49,571 INFO com.beis.subsidy.award.transperancy.dbpublishingservice.service.AddAwardService [http-nio-8178-exec-2] BEIS_Publishing_Subsidies_API::in the mapGroupInfoToUser & userRolesResponse[com.beis.subsidy.award.transperancy.dbpublishingservice.controller.response.UserRoleResponse@28bc7e93] ::
2021-09-10 10:42:49,575 INFO com.beis.subsidy.award.transperancy.dbpublishingservice.service.AddAwardService [http-nio-8178-exec-2] BEIS_Publishing_Subsidies_API::in the mapGroupInfoToUser BEIS Administrators ::
2021-09-10 10:42:49,577 INFO com.beis.subsidy.award.transperancy.dbpublishingservice.service.AddAwardService [http-nio-8178-exec-2] BEIS_Publishing_Subsidies_API::Before calling to Graph Api getUserGroup and user id is c5f7514d-0001-48ef-97bb-d1f978d43088
2021-09-10 10:42:50,005 INFO com.beis.subsidy.award.transperancy.dbpublishingservice.service.AddAwardService [http-nio-8178-exec-2] BEIS_Publishing_Subsidies_API:: After the call Graph Api getUserGroup and  status is 200
2021-09-10 10:42:50,009 INFO com.beis.subsidy.award.transperancy.dbpublishingservice.service.AddAwardService [http-nio-8178-exec-2] BEIS_Publishing_Subsidies_API::in the mapGroupInfoToUser & userRolesResponse[com.beis.subsidy.award.transperancy.dbpublishingservice.controller.response.UserRoleResponse@12b49ffa] ::
2021-09-10 10:42:50,011 INFO com.beis.subsidy.award.transperancy.dbpublishingservice.service.AddAwardService [http-nio-8178-exec-2] BEIS_Publishing_Subsidies_API::in the mapGroupInfoToUser GrantingAuthorityEncoders ::
2021-09-10 10:42:50,013 INFO com.beis.subsidy.award.transperancy.dbpublishingservice.service.AddAwardService [http-nio-8178-exec-2] BEIS_Publishing_Subsidies_API::Before calling to Graph Api getUserGroup and user id is c84b451c-63ef-4f41-8820-9cd53a2bdb17
2021-09-10 10:42:50,354 INFO com.beis.subsidy.award.transperancy.dbpublishingservice.service.AddAwardService [http-nio-8178-exec-2] BEIS_Publishing_Subsidies_API:: After the call Graph Api getUserGroup and  status is 200
2021-09-10 10:42:50,360 INFO com.beis.subsidy.award.transperancy.dbpublishingservice.service.AddAwardService [http-nio-8178-exec-2] BEIS_Publishing_Subsidies_API::in the mapGroupInfoToUser & userRolesResponse[com.beis.subsidy.award.transperancy.dbpublishingservice.controller.response.UserRoleResponse@3e7b9f32] ::
2021-09-10 10:42:50,362 INFO com.beis.subsidy.award.transperancy.dbpublishingservice.service.AddAwardService [http-nio-8178-exec-2] BEIS_Publishing_Subsidies_API::in the mapGroupInfoToUser GrantingAuthorityApprovers ::
2021-09-10 10:42:50,364 INFO com.beis.subsidy.award.transperancy.dbpublishingservice.service.AddAwardService [http-nio-8178-exec-2] BEIS_Publishing_Subsidies_API::Before calling to Graph Api getUserGroup and user id is 2e6785cc-5d54-4703-968f-cfd3c72bd373
2021-09-10 10:42:50,928 INFO com.beis.subsidy.award.transperancy.dbpublishingservice.service.AddAwardService [http-nio-8178-exec-2] BEIS_Publishing_Subsidies_API:: After the call Graph Api getUserGroup and  status is 200
2021-09-10 10:42:50,935 INFO com.beis.subsidy.award.transperancy.dbpublishingservice.service.AddAwardService [http-nio-8178-exec-2] BEIS_Publishing_Subsidies_API::in the mapGroupInfoToUser & userRolesResponse[com.beis.subsidy.award.transperancy.dbpublishingservice.controller.response.UserRoleResponse@4eeedebf] ::
2021-09-10 10:42:50,937 INFO com.beis.subsidy.award.transperancy.dbpublishingservice.service.AddAwardService [http-nio-8178-exec-2] BEIS_Publishing_Subsidies_API::in the mapGroupInfoToUser GrantingAuthorityAdministrators ::
2021-09-10 10:42:50,939 INFO com.beis.subsidy.award.transperancy.dbpublishingservice.service.AddAwardService [http-nio-8178-exec-2] BEIS_Publishing_Subsidies_API::Before calling to Graph Api getUserGroup and user id is fb054a81-99ef-4b18-a56e-fef4127485ae
2021-09-10 10:42:51,358 INFO com.beis.subsidy.award.transperancy.dbpublishingservice.service.AddAwardService [http-nio-8178-exec-2] BEIS_Publishing_Subsidies_API:: After the call Graph Api getUserGroup and  status is 200
2021-09-10 10:42:51,364 INFO com.beis.subsidy.award.transperancy.dbpublishingservice.service.AddAwardService [http-nio-8178-exec-2] BEIS_Publishing_Subsidies_API::in the mapGroupInfoToUser & userRolesResponse[com.beis.subsidy.award.transperancy.dbpublishingservice.controller.response.UserRoleResponse@532b15e2, com.beis.subsidy.award.transperancy.dbpublishingservice.controller.response.UserRoleResponse@2652885a] ::
2021-09-10 10:42:51,366 INFO com.beis.subsidy.award.transperancy.dbpublishingservice.service.AddAwardService [http-nio-8178-exec-2] BEIS_Publishing_Subsidies_API::in the mapGroupInfoToUser BEIS Administrators ::
2021-09-10 10:42:51,368 INFO com.beis.subsidy.award.transperancy.dbpublishingservice.service.AddAwardService [http-nio-8178-exec-2] BEIS_Publishing_Subsidies_API::Before calling to Graph Api getUserGroup and user id is cbe5aa96-ce4d-4e8f-8172-792994bf5f8f
2021-09-10 10:42:51,763 INFO com.beis.subsidy.award.transperancy.dbpublishingservice.service.AddAwardService [http-nio-8178-exec-2] BEIS_Publishing_Subsidies_API:: After the call Graph Api getUserGroup and  status is 200
2021-09-10 10:42:51,773 INFO com.beis.subsidy.award.transperancy.dbpublishingservice.service.AddAwardService [http-nio-8178-exec-2] BEIS_Publishing_Subsidies_API::in the mapGroupInfoToUser & userRolesResponse[com.beis.subsidy.award.transperancy.dbpublishingservice.controller.response.UserRoleResponse@730fc4c0] ::
2021-09-10 10:42:51,776 INFO com.beis.subsidy.award.transperancy.dbpublishingservice.service.AddAwardService [http-nio-8178-exec-2] BEIS_Publishing_Subsidies_API::in the mapGroupInfoToUser BEIS Administrators ::
2021-09-10 10:42:51,778 INFO com.beis.subsidy.award.transperancy.dbpublishingservice.service.AddAwardService [http-nio-8178-exec-2] BEIS_Publishing_Subsidies_API::After calling toGraph Api in the mapGroupInfoToUser
2021-09-10 10:42:51,794 INFO com.beis.subsidy.award.transperancy.dbpublishingservice.controller.AddAwardController [http-nio-8178-exec-2] BEIS_Publishing_Subsidies_API :: after saving the audit log in  add Award
2021-09-10 10:55:41,711 INFO org.springframework.orm.jpa.AbstractEntityManagerFactoryBean [SpringContextShutdownHook] Closing JPA EntityManagerFactory for persistence unit 'default'
2021-09-10 10:55:41,729 INFO org.springframework.scheduling.concurrent.ExecutorConfigurationSupport [SpringContextShutdownHook] Shutting down ExecutorService 'applicationTaskExecutor'
2021-09-10 10:55:41,739 INFO com.zaxxer.hikari.HikariDataSource [SpringContextShutdownHook] HikariPool-1 - Shutdown initiated...
2021-09-10 10:55:41,772 INFO com.zaxxer.hikari.HikariDataSource [SpringContextShutdownHook] HikariPool-1 - Shutdown completed.
2021-09-10 11:23:04,164 INFO org.springframework.boot.SpringApplication [main] No active profile set, falling back to default profiles: default
2021-09-10 11:23:06,177 INFO org.springframework.data.repository.config.RepositoryConfigurationDelegate [main] Bootstrapping Spring Data JPA repositories in DEFERRED mode.
2021-09-10 11:23:06,562 INFO org.springframework.data.repository.config.RepositoryConfigurationDelegate [main] Finished Spring Data repository scanning in 304ms. Found 5 JPA repository interfaces.
2021-09-10 11:23:07,127 INFO org.springframework.cloud.context.scope.GenericScope [main] BeanFactory id=f8d45f7c-d7a8-3d17-a159-b6c2982cbc9f
2021-09-10 11:23:07,291 INFO org.springframework.context.support.PostProcessorRegistrationDelegate$BeanPostProcessorChecker [main] Bean 'com.beis.subsidy.award.transperancy.dbpublishingservice.controller.feign.GraphAPIFeignClient' of type [org.springframework.cloud.openfeign.FeignClientFactoryBean] is not eligible for getting processed by all BeanPostProcessors (for example: not eligible for auto-proxying)
2021-09-10 11:23:07,296 INFO org.springframework.context.support.PostProcessorRegistrationDelegate$BeanPostProcessorChecker [main] Bean 'com.beis.subsidy.award.transperancy.dbpublishingservice.controller.feign.GraphAPILoginFeignClient' of type [org.springframework.cloud.openfeign.FeignClientFactoryBean] is not eligible for getting processed by all BeanPostProcessors (for example: not eligible for auto-proxying)
2021-09-10 11:23:10,122 INFO org.springframework.boot.web.embedded.tomcat.TomcatWebServer [main] Tomcat initialized with port(s): 8178 (http)
2021-09-10 11:23:10,144 INFO org.apache.juli.logging.DirectJDKLog [main] Initializing ProtocolHandler ["http-nio-8178"]
2021-09-10 11:23:10,154 INFO org.apache.juli.logging.DirectJDKLog [main] Starting service [Tomcat]
2021-09-10 11:23:10,154 INFO org.apache.juli.logging.DirectJDKLog [main] Starting Servlet engine: [Apache Tomcat/9.0.39]
2021-09-10 11:23:10,904 INFO org.apache.juli.logging.DirectJDKLog [main] Initializing Spring embedded WebApplicationContext
2021-09-10 11:23:10,914 INFO org.springframework.boot.web.servlet.context.ServletWebServerApplicationContext [main] Root WebApplicationContext: initialization completed in 6681 ms
2021-09-10 11:23:11,693 INFO org.springframework.scheduling.concurrent.ExecutorConfigurationSupport [main] Initializing ExecutorService 'applicationTaskExecutor'
2021-09-10 11:23:13,019 INFO org.hibernate.jpa.internal.util.LogHelper [task-1] HHH000204: Processing PersistenceUnitInfo [name: default]
2021-09-10 11:23:13,625 INFO org.hibernate.Version [task-1] HHH000412: Hibernate ORM core version 5.4.22.Final
2021-09-10 11:23:13,646 WARN org.springframework.boot.autoconfigure.orm.jpa.JpaBaseConfiguration$JpaWebConfiguration [main] spring.jpa.open-in-view is enabled by default. Therefore, database queries may be performed during view rendering. Explicitly configure spring.jpa.open-in-view to disable this warning
2021-09-10 11:23:13,977 INFO org.springframework.data.repository.config.DeferredRepositoryInitializationListener [main] Triggering deferred initialization of Spring Data repositories…
2021-09-10 11:23:14,598 INFO org.hibernate.annotations.common.reflection.java.JavaReflectionManager [task-1] HCANN000001: Hibernate Commons Annotations {5.1.0.Final}
2021-09-10 11:23:15,185 INFO com.zaxxer.hikari.HikariDataSource [task-1] HikariPool-1 - Starting...
2021-09-10 11:23:18,160 INFO com.zaxxer.hikari.HikariDataSource [task-1] HikariPool-1 - Start completed.
2021-09-10 11:23:18,393 INFO org.hibernate.dialect.Dialect [task-1] HHH000400: Using dialect: org.hibernate.dialect.PostgreSQL92Dialect
2021-09-10 11:23:23,663 INFO org.hibernate.engine.transaction.jta.platform.internal.JtaPlatformInitiator [task-1] HHH000490: Using JtaPlatform implementation: [org.hibernate.engine.transaction.jta.platform.internal.NoJtaPlatform]
2021-09-10 11:23:25,892 INFO org.springframework.orm.jpa.AbstractEntityManagerFactoryBean [task-1] Initialized JPA EntityManagerFactory for persistence unit 'default'
2021-09-10 11:23:28,494 INFO org.springframework.data.repository.config.DeferredRepositoryInitializationListener [main] Spring Data repositories initialized!
2021-09-10 11:23:29,092 INFO org.springframework.data.repository.config.DeferredRepositoryInitializationListener [main] Triggering deferred initialization of Spring Data repositories…
2021-09-10 11:23:29,100 INFO org.springframework.data.repository.config.DeferredRepositoryInitializationListener [main] Spring Data repositories initialized!
2021-09-10 11:23:29,173 WARN com.netflix.config.sources.URLConfigurationSource [main] No URLs will be polled as dynamic configuration sources.
2021-09-10 11:23:29,183 INFO com.netflix.config.sources.URLConfigurationSource [main] To enable URLs as dynamic configuration sources, define System property archaius.configurationSource.additionalUrls or make config.properties available on classpath.
2021-09-10 11:23:29,201 WARN com.netflix.config.sources.URLConfigurationSource [main] No URLs will be polled as dynamic configuration sources.
2021-09-10 11:23:29,203 INFO com.netflix.config.sources.URLConfigurationSource [main] To enable URLs as dynamic configuration sources, define System property archaius.configurationSource.additionalUrls or make config.properties available on classpath.
2021-09-10 11:23:34,381 INFO org.apache.juli.logging.DirectJDKLog [main] Starting ProtocolHandler ["http-nio-8178"]
2021-09-10 11:23:34,968 INFO org.springframework.boot.web.embedded.tomcat.TomcatWebServer [main] Tomcat started on port(s): 8178 (http) with context path ''
2021-09-10 11:23:37,911 INFO org.springframework.data.repository.config.DeferredRepositoryInitializationListener [main] Triggering deferred initialization of Spring Data repositories…
2021-09-10 11:23:37,992 INFO org.springframework.data.repository.config.DeferredRepositoryInitializationListener [main] Spring Data repositories initialized!
2021-09-10 11:23:38,098 INFO org.springframework.boot.StartupInfoLogger [main] Started PublishingSubsidiesServiceApplication in 40.38 seconds (JVM running for 43.735)
2021-09-10 11:33:35,465 INFO org.springframework.orm.jpa.AbstractEntityManagerFactoryBean [SpringContextShutdownHook] Closing JPA EntityManagerFactory for persistence unit 'default'
2021-09-10 11:33:35,487 INFO org.springframework.scheduling.concurrent.ExecutorConfigurationSupport [SpringContextShutdownHook] Shutting down ExecutorService 'applicationTaskExecutor'
2021-09-10 11:33:35,490 INFO com.zaxxer.hikari.HikariDataSource [SpringContextShutdownHook] HikariPool-1 - Shutdown initiated...
2021-09-10 11:33:35,513 INFO com.zaxxer.hikari.HikariDataSource [SpringContextShutdownHook] HikariPool-1 - Shutdown completed.
